<?xml version="1.0" encoding="UTF-8"?>
<!-- Generated by org.testng.reporters.JUnitReportReporter -->
<testsuite skipped="0" hostname="priyankas-air" name="com.crm.qa.testcases.HomePageTest" tests="2" failures="0" timestamp="21 Apr 2019 06:33:05 GMT" time="17.981" errors="0">
  <testcase name="verifyTitleOfHomePageTest" time="9.527" classname="com.crm.qa.testcases.HomePageTest"/>
  <testcase name="verifyUserIDTest" time="8.454" classname="com.crm.qa.testcases.HomePageTest"/>
</testsuite> <!-- com.crm.qa.testcases.HomePageTest -->
