<?xml version="1.0" encoding="UTF-8"?>
<!-- Generated by org.testng.reporters.JUnitReportReporter -->
<testsuite skipped="0" hostname="priyankas-air" name="com.crm.qa.testcases.LoginPageTest" tests="2" failures="0" timestamp="22 Apr 2019 04:55:09 GMT" time="14.459" errors="0">
  <testcase name="validateLoginPageTitleTest" time="6.911" classname="com.crm.qa.testcases.LoginPageTest"/>
  <testcase name="login" time="7.548" classname="com.crm.qa.testcases.LoginPageTest"/>
</testsuite> <!-- com.crm.qa.testcases.LoginPageTest -->
