<?xml version="1.0" encoding="UTF-8"?>
<!-- Generated by org.testng.reporters.JUnitReportReporter -->
<testsuite skipped="0" hostname="priyankas-air" name="com.crm.qa.testcases.HomePageTest" tests="2" failures="0" timestamp="22 Apr 2019 04:55:09 GMT" time="19.706" errors="0">
  <testcase name="verifyTitleOfHomePageTest" time="7.308" classname="com.crm.qa.testcases.HomePageTest"/>
  <testcase name="verifyUserIDTest" time="12.398" classname="com.crm.qa.testcases.HomePageTest"/>
</testsuite> <!-- com.crm.qa.testcases.HomePageTest -->
